
min(timestamp)      max(timestamp)      min(value) avg(value) max(value)
------------------- ------------------- ---------- ---------- ---------- 
2023-01-01T00:00:00 2023-01-01T17:29:24      8.491    108.867    209.243 
2023-01-02T05:09:00 2023-01-02T16:48:36     18.757    123.355    244.494 
2023-01-03T16:07:48 2023-01-03T16:07:48    548.718    548.718    548.718 
2023-01-04T09:37:12 2023-01-04T21:16:48    212.269    217.511    222.753 
2023-01-05T08:56:24 2023-01-05T08:56:24    286.815    286.815    286.815 
2023-01-07T19:14:24 2023-01-07T19:14:24     20.839     20.839     20.839 
2023-01-08T01:04:12 2023-01-08T01:04:12    493.182    493.182    493.182 
2023-01-09T00:23:24 2023-01-09T17:52:48     42.977    300.824    519.046 
2023-01-10T05:32:24 2023-01-10T17:12:00     59.258    135.766    212.273 
2023-01-12T15:50:24 2023-01-12T21:40:12    255.072    257.335    259.598 
2023-01-13T09:19:48 2023-01-13T09:19:48    579.253    579.253    579.253 
2023-01-14T02:49:12 2023-01-14T02:49:12     18.891     18.891     18.891 
2023-01-15T07:58:12 2023-01-15T13:48:00      8.239     78.526    148.812 
2023-01-16T18:57:00 2023-01-16T18:57:00    397.713    397.713    397.713 
2023-01-17T06:36:36 2023-01-17T06:36:36    112.798    112.798    112.798 
2023-01-18T11:45:36 2023-01-18T17:35:24     13.273    190.087    493.796 
2023-01-19T05:15:00 2023-01-19T11:04:48     31.435     71.109    145.942 
2023-01-21T03:53:24 2023-01-21T03:53:24    651.116    651.116    651.116 
2023-01-22T03:12:36 2023-01-22T03:12:36    597.776    597.776    597.776 
2023-01-23T02:31:48 2023-01-23T20:01:12     49.625    309.166    568.706 
2023-01-25T07:00:00 2023-01-25T12:49:48    191.976    296.743    398.912 
2023-01-26T12:09:00 2023-01-26T12:09:00      24.39      24.39      24.39 
2023-01-27T17:18:00 2023-01-27T23:07:48     37.634    401.673    765.713 
2023-01-30T03:36:00 2023-01-30T15:15:36    123.786    255.953    388.119 
2023-01-31T02:55:12 2023-01-31T14:34:48     24.118    181.916     376.02 

min(timestamp)      max(timestamp)      min(value) avg(value) max(value)
------------------- ------------------- ---------- ---------- ---------- 
2023-02-02T13:13:12 2023-02-02T13:13:12    293.372    293.372    293.372 
2023-02-03T12:32:24 2023-02-03T18:22:12      18.92    399.054    835.467 
2023-02-04T11:51:36 2023-02-04T11:51:36    711.304    711.304    711.304 
2023-02-06T10:30:00 2023-02-06T16:19:48     14.975    279.461    543.946 
2023-02-07T09:49:12 2023-02-07T21:28:48    237.281    398.345    764.559 
2023-02-08T20:48:00 2023-02-08T20:48:00     41.317    409.266    777.214 
2023-02-09T08:27:36 2023-02-09T20:07:12     21.946     78.001    134.056 
2023-02-10T07:46:48 2023-02-10T13:36:36      4.415    322.346    640.278 
2023-02-13T05:44:24 2023-02-13T05:44:24    268.964    268.964    268.964 
2023-02-14T10:53:24 2023-02-14T10:53:24      44.76      44.76      44.76 
2023-02-15T10:12:36 2023-02-15T10:12:36    517.798    517.798    517.798 
2023-02-18T14:00:00 2023-02-18T14:00:00    428.994    428.994    428.994 
2023-02-19T01:39:36 2023-02-19T01:39:36     182.35     182.35     182.35 
2023-02-20T00:58:48 2023-02-20T00:58:48    397.111    397.111    397.111 
2023-02-21T17:47:24 2023-02-21T23:37:12     68.281    120.476    172.671 
2023-02-22T17:06:36 2023-02-22T17:06:36    429.122    429.122    429.122 
2023-02-23T22:15:36 2023-02-23T22:15:36     29.693     29.693     29.693 
2023-02-24T21:34:48 2023-02-24T21:34:48    269.792    349.314    428.837 
2023-02-26T08:33:36 2023-02-26T08:33:36    165.747    165.747    165.747 
2023-02-28T01:22:12 2023-02-28T01:22:12    119.137    119.137    119.137 
2023-03-01T12:21:00 2023-03-01T12:21:00      54.61      54.61      54.61 
2023-03-02T00:00:36 2023-03-02T11:40:12    343.856    360.906    377.957 
2023-03-03T10:59:24 2023-03-03T10:59:24    415.171    415.171    415.171 
2023-03-04T10:18:36 2023-03-04T10:18:36    184.876    184.876    184.876 
2023-03-05T15:27:36 2023-03-05T15:27:36    135.843    135.843    135.843 

min(timestamp)      max(timestamp)      min(value) avg(value) max(value)
------------------- ------------------- ---------- ---------- ---------- 
2023-03-06T14:46:48 2023-03-06T14:46:48    586.775    586.775    586.775 
2023-03-08T01:45:36 2023-03-08T01:45:36     57.595     57.595     57.595 
2023-03-09T06:54:36 2023-03-09T12:44:24    339.414    385.431    431.448 
2023-03-10T06:13:48 2023-03-10T23:43:12      5.934    152.559    390.316 
2023-03-12T22:21:36 2023-03-12T22:21:36    299.461    299.461    299.461 
2023-03-13T15:51:00 2023-03-13T15:51:00     46.644     46.644     46.644 
2023-03-14T03:30:36 2023-03-14T15:10:12    104.909    190.355    333.405 
2023-03-15T02:49:48 2023-03-15T14:29:24     27.236    219.018    327.144 
2023-03-16T13:48:36 2023-03-16T13:48:36    282.868    282.868    282.868 
2023-03-19T17:36:00 2023-03-19T17:36:00    217.283    217.283    217.283 
2023-03-20T11:05:24 2023-03-20T16:55:12      3.239     70.566    117.285 
2023-03-21T04:34:48 2023-03-21T16:14:24     79.232    321.113    562.993 
2023-03-23T14:52:48 2023-03-23T20:42:36      6.567    141.491    227.879 
2023-03-24T08:22:12 2023-03-24T20:01:48    144.908    217.547    329.121 
2023-03-25T01:51:36 2023-03-25T01:51:36    168.246    168.246    168.246 
2023-03-26T12:50:24 2023-03-26T12:50:24     12.881     12.881     12.881 
2023-03-27T00:30:00 2023-03-27T17:59:24     20.733    414.189    713.174 
2023-03-28T17:18:36 2023-03-28T17:18:36     26.141     28.599     31.058 
2023-03-29T04:58:12 2023-03-29T22:27:36      139.1    316.973    494.845 
2023-03-31T15:16:12 2023-03-31T15:16:12    189.196    189.196    189.196 
2023-04-01T14:35:24 2023-04-01T14:35:24    353.445    353.445    353.445 
2023-04-02T08:04:48 2023-04-02T08:04:48    843.514    843.514    843.514 
2023-04-03T19:03:36 2023-04-03T19:03:36    241.021    241.021    241.021 
2023-04-05T17:42:00 2023-04-05T17:42:00     56.862     56.862     56.862 
2023-04-06T05:21:36 2023-04-06T17:01:12     49.017    172.868    296.718 

min(timestamp)      max(timestamp)      min(value) avg(value) max(value)
------------------- ------------------- ---------- ---------- ---------- 
2023-04-07T22:10:12 2023-04-07T22:10:12    783.451    783.451    783.451 
2023-04-08T09:49:48 2023-04-08T09:49:48    231.956    231.956    231.956 
2023-04-09T09:09:00 2023-04-09T09:09:00     84.348     84.348     84.348 
2023-04-13T06:25:48 2023-04-13T12:15:36     76.287     96.752    117.218 
2023-04-14T23:14:24 2023-04-14T23:14:24    407.229    407.229    407.229 
2023-04-15T16:43:48 2023-04-15T16:43:48     84.876     84.876     84.876 
2023-04-16T10:13:12 2023-04-16T10:13:12    173.917    173.917    173.917 
2023-04-17T09:32:24 2023-04-17T15:22:12     96.978     313.26    529.541 
2023-04-19T14:00:36 2023-04-19T14:00:36     119.89     119.89     119.89 
2023-04-23T05:27:36 2023-04-23T05:27:36     56.583     56.583     56.583 
2023-04-25T04:06:00 2023-04-25T04:06:00    180.512    180.512    180.512 
2023-04-26T09:15:00 2023-04-26T09:15:00    346.731    346.731    346.731 
2023-04-27T20:13:48 2023-04-27T20:13:48    457.995    457.995    457.995 
2023-04-28T02:03:36 2023-04-28T02:03:36    165.291    165.291    165.291 
2023-04-29T07:12:36 2023-04-29T07:12:36    488.704    488.704    488.704 
2023-04-30T18:11:24 2023-04-30T18:11:24      2.008     36.361     70.715 
2023-05-02T05:10:12 2023-05-02T22:39:36     20.446     39.462     63.939 
2023-05-03T10:19:12 2023-05-03T10:19:12      90.95      90.95      90.95 
2023-05-04T03:48:36 2023-05-04T03:48:36    104.202    116.172    128.142 
2023-05-05T14:47:24 2023-05-05T20:37:12    113.307    320.576    527.844 
2023-05-06T14:06:36 2023-05-06T14:06:36    204.367    237.476    270.584 
2023-05-07T01:46:12 2023-05-07T01:46:12     38.634     38.634     38.634 
2023-05-08T18:34:48 2023-05-08T18:34:48    548.565    548.565    548.565 
2023-05-09T06:14:24 2023-05-09T23:43:48       0.45     70.945     176.15 
2023-05-10T05:33:36 2023-05-10T05:33:36     79.511    181.461     283.41 

min(timestamp)      max(timestamp)      min(value) avg(value) max(value)
------------------- ------------------- ---------- ---------- ---------- 
2023-05-11T04:52:48 2023-05-11T16:32:24     26.376     129.71    193.824 
2023-05-12T04:12:00 2023-05-12T04:12:00    289.642    289.642    289.642 
2023-05-13T03:31:12 2023-05-13T21:00:36    150.666    355.386    803.601 
2023-05-15T07:59:24 2023-05-15T07:59:24    272.795    272.795    272.795 
2023-05-16T01:28:48 2023-05-16T01:28:48    544.356    544.356    544.356 
2023-05-17T06:37:48 2023-05-17T18:17:24     18.783      45.58     72.377 
2023-05-18T05:57:00 2023-05-18T23:26:24     18.496      51.95     85.404 
2023-05-19T05:16:12 2023-05-19T11:06:00    119.008    184.661    304.134 
2023-05-21T09:44:24 2023-05-21T09:44:24    255.886    255.886    255.886 
2023-05-22T14:53:24 2023-05-22T20:43:12      29.63     81.598    123.082 
2023-05-23T02:33:00 2023-05-23T02:33:00    469.357    469.357    469.357 
2023-05-24T13:31:48 2023-05-24T13:31:48     54.638    301.844     549.05 
2023-05-26T12:10:12 2023-05-26T23:49:48     96.214    324.589     689.33 
2023-05-27T11:29:24 2023-05-27T11:29:24     34.407     34.407     34.407 
2023-05-28T04:58:48 2023-05-28T16:38:24     61.205    224.952    346.166 
2023-05-29T04:18:00 2023-05-29T10:07:48     59.656    401.699    798.148 
2023-05-30T09:27:00 2023-05-30T09:27:00     87.551     87.551     87.551 
2023-05-31T08:46:12 2023-05-31T08:46:12    347.621    347.621    347.621 
2023-06-01T08:05:24 2023-06-01T08:05:24     362.55     362.55     362.55 
2023-06-02T01:34:48 2023-06-02T07:24:36    324.839     355.73    386.621 
2023-06-03T06:43:48 2023-06-03T06:43:48    387.256    387.256    387.256 
2023-06-04T00:13:12 2023-06-04T00:13:12     794.66     794.66     794.66 
2023-06-05T11:12:00 2023-06-05T11:12:00     72.517     72.517     72.517 
2023-06-06T22:10:48 2023-06-06T22:10:48     38.516     38.516     38.516 
2023-06-07T15:40:12 2023-06-07T21:30:00     38.005    177.418    447.791 

min(timestamp)      max(timestamp)      min(value) avg(value) max(value)
------------------- ------------------- ---------- ---------- ---------- 
2023-06-08T14:59:24 2023-06-08T14:59:24    108.911    108.911    108.911 
2023-06-09T02:39:00 2023-06-09T02:39:00    238.827    238.827    238.827 
2023-06-11T12:57:00 2023-06-11T18:46:48     90.618    401.306    711.993 
2023-06-12T18:06:00 2023-06-12T23:55:48    138.896    251.857    364.818 
2023-06-15T21:53:24 2023-06-15T21:53:24     302.94     302.94     302.94 
2023-06-17T03:02:24 2023-06-17T08:52:12    298.797    377.375    455.954 
2023-06-18T19:51:00 2023-06-18T19:51:00    426.579    426.579    426.579 
2023-06-19T07:30:36 2023-06-19T07:30:36      36.26      36.26      36.26 
2023-06-20T06:49:48 2023-06-20T18:29:24     99.702    180.687    338.584 
2023-06-21T06:09:00 2023-06-21T17:48:36     21.728     77.416    125.354 
2023-06-22T22:57:36 2023-06-22T22:57:36      7.837      7.837      7.837 
2023-06-23T04:47:24 2023-06-23T04:47:24    395.175    395.175    395.175 
2023-06-24T04:06:36 2023-06-24T04:06:36    153.827    436.784    719.741 
2023-06-26T14:24:36 2023-06-26T14:24:36     21.267     21.267     21.267 
2023-06-28T01:23:24 2023-06-28T18:52:48    226.983    538.504    850.025 
2023-06-29T00:42:36 2023-06-29T00:42:36      0.728      0.728      0.728 
2023-06-30T17:31:12 2023-06-30T17:31:12    133.936    133.936    133.936 
2023-07-01T11:00:36 2023-07-01T11:00:36    189.869    270.228    384.535 
2023-07-02T10:19:48 2023-07-02T16:09:36     65.592    173.502    281.413 
2023-07-03T03:49:12 2023-07-03T21:18:36    536.889    567.957    599.024 
2023-07-05T14:07:12 2023-07-05T14:07:12     45.461     45.461     45.461 
2023-07-07T01:06:00 2023-07-07T18:35:24     69.481    314.471    595.868 
2023-07-08T17:54:36 2023-07-08T23:44:24     27.424    100.639    173.854 
2023-07-09T05:34:12 2023-07-09T23:03:36     28.922    277.263    714.451 
2023-07-10T22:22:48 2023-07-10T22:22:48     74.854     74.854     74.854 

min(timestamp)      max(timestamp)      min(value) avg(value) max(value)
------------------- ------------------- ---------- ---------- ---------- 
2023-07-11T15:52:12 2023-07-11T21:42:00    284.361    354.216    471.569 
2023-07-12T09:21:36 2023-07-12T09:21:36    656.381    656.381    656.381 
2023-07-13T14:30:36 2023-07-13T14:30:36    468.617    468.617    468.617 
2023-07-14T02:10:12 2023-07-14T02:10:12     38.872     38.872     38.872 
2023-07-15T13:09:00 2023-07-15T18:58:48     37.097    227.549    341.431 
2023-07-16T18:18:00 2023-07-16T18:18:00    155.334    391.141    626.948 
2023-07-17T11:47:24 2023-07-17T17:37:12      8.303     40.511     72.719 
2023-07-18T16:56:24 2023-07-18T22:46:12     41.448    257.101    472.754 
2023-07-19T04:36:00 2023-07-19T04:36:00    208.324      265.8    323.277 
2023-07-20T03:55:12 2023-07-20T09:45:00     41.404    367.162    721.935 
2023-07-21T09:04:12 2023-07-21T14:54:00    395.738    401.512    407.286 
2023-07-22T08:23:24 2023-07-22T08:23:24    530.616    530.616    530.616 
2023-07-24T12:51:36 2023-07-24T12:51:36     28.761     28.761     28.761 
2023-07-25T23:50:24 2023-07-25T23:50:24     14.524     14.524     14.524 
2023-07-26T05:40:12 2023-07-26T17:19:48    113.341    180.328    301.316 
2023-07-27T04:59:24 2023-07-27T10:49:12     66.422     260.68    454.939 
2023-07-28T10:08:24 2023-07-28T21:48:00      0.902     21.758     42.614 
2023-07-29T03:37:48 2023-07-29T03:37:48      4.545    321.825    639.105 
2023-07-31T02:16:12 2023-07-31T02:16:12    550.304    550.304    550.304 
2023-08-01T01:35:24 2023-08-01T07:25:12     39.754     82.927    153.736 
2023-08-03T17:43:12 2023-08-03T17:43:12    277.238    277.238    277.238 
2023-08-04T22:52:12 2023-08-04T22:52:12    140.581    140.581    140.581 
2023-08-05T16:21:36 2023-08-05T22:11:24    125.216    165.684    206.151 
2023-08-06T04:01:12 2023-08-06T09:51:00    116.534    152.042    187.551 
2023-08-07T03:20:24 2023-08-07T20:49:48     36.635    155.805    274.976 

min(timestamp)      max(timestamp)      min(value) avg(value) max(value)
------------------- ------------------- ---------- ---------- ---------- 
2023-08-08T02:39:36 2023-08-08T08:29:24    207.802    302.711    397.619 
2023-08-11T06:27:00 2023-08-11T06:27:00     59.345     59.345     59.345 
2023-08-12T17:25:48 2023-08-12T17:25:48    119.166    119.166    119.166 
2023-08-14T10:14:24 2023-08-14T21:54:00     29.995    322.007    792.987 
2023-08-15T03:43:48 2023-08-15T21:13:12    109.576    280.051    573.725 
2023-08-18T07:31:12 2023-08-18T19:10:48    350.641     477.63    604.618 
2023-08-19T01:00:36 2023-08-19T01:00:36      21.98      21.98      21.98 
2023-08-20T11:59:24 2023-08-20T23:39:00    418.347    555.626    692.906 
2023-08-21T22:58:12 2023-08-21T22:58:12       4.95    237.841    604.977 
2023-08-22T16:27:36 2023-08-22T16:27:36      5.953    312.381    618.809 
2023-08-23T15:46:48 2023-08-23T15:46:48    167.951    203.734    239.518 
2023-08-24T09:16:12 2023-08-24T20:55:48    304.647    496.433    688.219 
2023-08-25T02:45:36 2023-08-25T02:45:36    247.291    247.291    247.291 
2023-08-26T13:44:24 2023-08-26T13:44:24    221.969    221.969    221.969 
2023-08-27T18:53:24 2023-08-27T18:53:24    310.407    310.407    310.407 
2023-08-30T22:40:48 2023-08-30T22:40:48     99.871     99.871     99.871 
2023-08-31T16:10:12 2023-08-31T16:10:12      207.7      207.7      207.7 
2023-09-02T03:09:00 2023-09-02T14:48:36     22.021     39.367     61.987 
2023-09-03T02:28:12 2023-09-03T02:28:12     14.138     14.138     14.138 
2023-09-04T07:37:12 2023-09-04T07:37:12    121.857    121.857    121.857 
2023-09-05T01:06:36 2023-09-05T01:06:36    514.792    514.792    514.792 
2023-09-06T06:15:36 2023-09-06T23:45:00     149.13    445.633    626.657 
2023-09-07T05:34:48 2023-09-07T05:34:48    132.078    132.078    132.078 
2023-09-08T22:23:24 2023-09-08T22:23:24     16.677     16.677     16.677 
2023-09-09T15:52:48 2023-09-09T15:52:48     38.287     86.471    134.655 

min(timestamp)      max(timestamp)      min(value) avg(value) max(value)
------------------- ------------------- ---------- ---------- ---------- 
2023-09-10T03:32:24 2023-09-10T09:22:12     36.979     38.957     40.936 
2023-09-12T02:10:48 2023-09-12T02:10:48    264.954    264.954    264.954 
2023-09-13T07:19:48 2023-09-13T13:09:36     80.502    225.703    312.652 
2023-09-14T12:28:48 2023-09-14T12:28:48      99.63      99.63      99.63 
2023-09-15T00:08:24 2023-09-15T17:37:48    140.946    267.986    435.293 
2023-09-16T11:07:12 2023-09-16T16:57:00     28.406     80.492    132.577 
2023-09-19T09:04:48 2023-09-19T09:04:48     12.912     12.912     12.912 
2023-09-20T08:24:00 2023-09-20T08:24:00    502.902    502.902    502.902 
2023-09-21T07:43:12 2023-09-21T13:33:00     99.881    287.049    474.217 
2023-09-23T06:21:36 2023-09-23T23:51:00    235.031     303.88    372.728 
2023-09-24T17:20:24 2023-09-24T23:10:12     27.774    238.702    620.443 
2023-09-25T22:29:24 2023-09-25T22:29:24    537.563    537.563    537.563 
2023-09-26T04:19:12 2023-09-26T15:58:48      0.359     46.865     99.538 
2023-09-28T08:47:24 2023-09-28T08:47:24      9.843     32.495     55.148 
2023-09-29T08:06:36 2023-09-29T08:06:36    105.126    105.126    105.126 
2023-09-30T19:05:24 2023-09-30T19:05:24    433.312    433.312    433.312 
2023-10-01T00:55:12 2023-10-01T00:55:12    206.968    206.968    206.968 
2023-10-02T00:14:24 2023-10-02T11:54:00    277.431    344.414    411.398 
2023-10-03T11:13:12 2023-10-03T11:13:12      32.98      32.98      32.98 
2023-10-04T04:42:36 2023-10-04T04:42:36     21.756     31.731     41.706 
2023-10-05T04:01:48 2023-10-05T09:51:36     51.005    205.785    360.566 
2023-10-06T09:10:48 2023-10-06T09:10:48     76.535     76.535     76.535 
2023-10-07T20:09:36 2023-10-07T20:09:36    425.756    425.756    425.756 
2023-10-08T19:28:48 2023-10-08T19:28:48    211.483    211.483    211.483 
2023-10-09T12:58:12 2023-10-09T12:58:12      1.608      1.608      1.608 

min(timestamp)      max(timestamp)      min(value) avg(value) max(value)
------------------- ------------------- ---------- ---------- ---------- 
2023-10-11T05:46:48 2023-10-11T17:26:24      6.278     84.937    163.596 
2023-10-13T16:04:48 2023-10-13T16:04:48    411.655    411.655    411.655 
2023-10-14T09:34:12 2023-10-14T09:34:12    227.393    345.668    463.943 
2023-10-16T19:52:12 2023-10-16T19:52:12    192.192    192.192    192.192 
2023-10-19T00:20:24 2023-10-19T23:39:36      3.758    245.028    389.653 
2023-10-20T05:29:24 2023-10-20T05:29:24    157.381    157.381    157.381 
2023-10-21T16:28:12 2023-10-21T16:28:12    343.309    438.387    533.465 
2023-10-24T02:46:12 2023-10-24T02:46:12    137.162    137.162    137.162 
2023-10-25T07:55:12 2023-10-25T07:55:12    282.803    282.803    282.803 
2023-10-26T13:04:12 2023-10-26T13:04:12    732.819    732.819    732.819 
2023-10-27T00:43:48 2023-10-27T18:13:12    101.934     525.57    945.135 
2023-10-28T17:32:24 2023-10-28T17:32:24    305.893    305.893    305.893 
2023-10-29T05:12:00 2023-10-29T05:12:00    223.127    500.303    777.478 
2023-10-30T04:31:12 2023-10-30T04:31:12     22.917     22.917     22.917 
2023-10-31T15:30:00 2023-10-31T21:19:48     93.224    337.512    581.799 
2023-11-01T08:59:24 2023-11-01T14:49:12      1.926     62.326    128.112 
2023-11-02T02:28:48 2023-11-02T19:58:12    572.493    703.324    834.156 
2023-11-04T18:36:36 2023-11-04T18:36:36     86.761    409.698    732.636 
2023-11-07T16:34:12 2023-11-07T22:24:00     15.739     51.426     97.111 
2023-11-08T15:53:24 2023-11-08T15:53:24     74.765     74.765     74.765 
2023-11-09T21:02:24 2023-11-09T21:02:24      6.579      6.579      6.579 
2023-11-10T02:52:12 2023-11-10T02:52:12     286.53     286.53     286.53 
2023-11-12T01:30:36 2023-11-12T01:30:36     39.653    208.543    377.432 
2023-11-13T18:19:12 2023-11-13T18:19:12     33.544     33.544     33.544 
2023-11-14T00:09:00 2023-11-14T17:38:24     92.673    219.008    345.343 

min(timestamp)      max(timestamp)      min(value) avg(value) max(value)
------------------- ------------------- ---------- ---------- ---------- 
2023-11-16T04:37:12 2023-11-16T16:16:48     28.771    275.537    745.444 
2023-11-18T20:45:00 2023-11-18T20:45:00     53.697     53.697     53.697 
2023-11-20T01:54:00 2023-11-20T01:54:00     126.97     126.97     126.97 
2023-11-21T01:13:12 2023-11-21T01:13:12    119.849    119.849    119.849 
2023-11-22T06:22:12 2023-11-22T06:22:12    202.303    202.303    202.303 
2023-11-23T11:31:12 2023-11-23T11:31:12    395.134    395.134    395.134 
2023-11-25T10:09:36 2023-11-25T21:49:12     23.307     79.638    135.969 
2023-11-27T02:58:12 2023-11-27T02:58:12    251.383    251.383    251.383 
2023-11-28T02:17:24 2023-11-28T08:07:12    195.294    407.646    619.998 
2023-11-29T01:36:36 2023-11-29T13:16:12     10.537    151.731     457.65 
2023-11-30T12:35:24 2023-11-30T18:25:12     88.974      92.69     96.406 
2023-12-01T06:04:48 2023-12-01T06:04:48    335.121    335.121    335.121 
2023-12-02T05:24:00 2023-12-02T17:03:36      6.577     201.79    455.241 
2023-12-03T22:12:36 2023-12-03T22:12:36    302.045    302.045    302.045 
2023-12-04T04:02:24 2023-12-04T04:02:24     21.664     21.664     21.664 
2023-12-05T09:11:24 2023-12-05T09:11:24     24.586     24.586     24.586 
2023-12-06T08:30:36 2023-12-06T08:30:36    499.703    499.703    499.703 
2023-12-07T07:49:48 2023-12-07T19:29:24     61.538    354.817    897.676 
2023-12-08T12:58:48 2023-12-08T12:58:48    333.859    333.859    333.859 
2023-12-11T05:06:36 2023-12-11T10:56:24     100.33      393.1    685.869 
2023-12-12T10:15:36 2023-12-12T16:05:24     18.475     58.718      98.96 
2023-12-15T02:23:24 2023-12-15T19:52:48     29.761    159.681     240.82 
2023-12-16T19:12:00 2023-12-16T19:12:00    348.935    348.935    348.935 
2023-12-17T01:01:48 2023-12-17T01:01:48    450.948    450.948    450.948 
2023-12-18T17:50:24 2023-12-18T17:50:24     73.084     73.084     73.084 

min(timestamp)      max(timestamp)      min(value) avg(value) max(value)
------------------- ------------------- ---------- ---------- ---------- 
2023-12-19T22:59:24 2023-12-19T22:59:24    397.603    504.933    612.263 
2023-12-20T10:39:00 2023-12-20T22:18:36     10.091     64.132    118.172 
2023-12-21T04:08:24 2023-12-21T21:37:48     57.708      58.44     59.172 
2023-12-22T15:07:12 2023-12-22T20:57:00     44.061    159.722    283.049 
2023-12-24T02:06:00 2023-12-24T02:06:00      49.65      49.65      49.65 
2023-12-26T06:34:12 2023-12-26T06:34:12    246.365    246.365    246.365 
2023-12-28T05:12:36 2023-12-28T16:52:12      27.11    317.422    974.959 
2023-12-29T04:31:48 2023-12-29T10:21:36     47.065    374.854    702.643 
2023-12-30T21:20:24 2023-12-30T21:20:24     86.043    151.858    217.673 
2023-12-31T03:10:12 2023-12-31T03:10:12    342.472    342.472    342.472 
2024-01-01T08:19:12 2024-01-01T08:19:12    356.085    356.085    356.085 
2024-01-02T19:18:00 2024-01-02T19:18:00    242.953    242.953    242.953 
2024-01-03T18:37:12 2024-01-03T18:37:12    656.529    656.529    656.529 
2024-01-04T00:27:00 2024-01-04T00:27:00     80.593     80.593     80.593 
2024-01-05T05:36:00 2024-01-05T17:15:36     95.075     125.56    148.441 
2024-01-06T22:24:36 2024-01-06T22:24:36    743.686    743.686    743.686 
2024-01-07T10:04:12 2024-01-07T10:04:12    386.086    386.086    386.086 
2024-01-08T15:13:12 2024-01-08T15:13:12    227.219    227.219    227.219 
2024-01-09T20:22:12 2024-01-09T20:22:12    576.604    576.604    576.604 
2024-01-10T02:12:00 2024-01-10T02:12:00     66.448     66.448     66.448 
2024-01-11T01:31:12 2024-01-11T07:21:00     87.544     88.898     90.251 
2024-01-12T18:19:48 2024-01-12T18:19:48      1.203      1.203      1.203 
2024-01-13T11:49:12 2024-01-13T11:49:12      3.201    326.681    650.161 
2024-01-15T10:27:36 2024-01-15T10:27:36    100.317    175.373    250.428 
2024-01-16T03:57:00 2024-01-16T21:26:24    175.189    465.237    677.702 

min(timestamp)      max(timestamp)      min(value) avg(value) max(value)
------------------- ------------------- ---------- ---------- ---------- 
2024-01-18T02:35:24 2024-01-18T20:04:48    161.618    206.558    251.499 
2024-01-20T07:03:36 2024-01-20T18:43:12     90.036    116.897    143.759 
2024-01-21T12:12:36 2024-01-21T23:52:12     31.947    195.885    359.822 
2024-01-22T05:42:00 2024-01-22T17:21:36      116.2    233.544    350.888 
2024-01-23T16:40:48 2024-01-23T22:30:36      3.544      28.15     73.976 
2024-01-24T04:20:24 2024-01-24T21:49:48     34.598    260.198    576.529 
2024-01-25T09:29:24 2024-01-25T09:29:24     39.347    408.793     778.24 
2024-01-26T14:38:24 2024-01-26T20:28:12      0.529    319.554    638.343 
2024-01-27T02:18:00 2024-01-27T13:57:36     63.667    189.636    432.607 
2024-01-28T01:37:12 2024-01-28T19:06:36     30.796    176.286    408.921 
2024-01-29T06:46:12 2024-01-29T06:46:12    258.906    445.333    631.761 
2024-01-31T05:24:36 2024-01-31T11:14:24    254.758    304.933    355.107 
2024-02-02T09:52:48 2024-02-02T09:52:48     10.454     10.454     10.454 
2024-02-03T03:22:12 2024-02-03T09:12:00     11.862    281.113    550.364 
2024-02-04T14:21:00 2024-02-04T20:10:48      5.574    180.688    355.801 
2024-02-06T12:59:24 2024-02-06T12:59:24    313.613    313.613    313.613 
2024-02-07T00:39:00 2024-02-07T18:08:24    119.929    249.457     373.52 
2024-02-08T05:48:00 2024-02-08T05:48:00    326.332    326.332    326.332 
2024-02-09T10:57:00 2024-02-09T10:57:00    213.219    213.219    213.219 
2024-02-10T21:55:48 2024-02-10T21:55:48    589.939    589.939    589.939 
2024-02-11T03:45:36 2024-02-11T15:25:12     94.308    232.868    371.429 
2024-02-12T14:44:24 2024-02-12T14:44:24     64.173     64.173     64.173 
2024-02-13T02:24:00 2024-02-13T19:53:24     43.301    159.372    228.945 
2024-02-15T01:02:24 2024-02-15T18:31:48    118.044    430.603    698.733 
2024-02-16T12:01:12 2024-02-16T12:01:12    356.037    356.037    356.037 

min(timestamp)      max(timestamp)      min(value) avg(value) max(value)
------------------- ------------------- ---------- ---------- ---------- 
2024-02-17T05:30:36 2024-02-17T23:00:00     44.527    490.736    763.876 
2024-02-19T09:58:48 2024-02-19T21:38:24     79.511     168.54    308.793 
2024-02-20T03:28:12 2024-02-20T20:57:36     54.455    289.306    690.082 
2024-02-21T02:47:24 2024-02-21T02:47:24    389.571    389.571    389.571 
2024-02-22T07:56:24 2024-02-22T07:56:24    703.341    703.341    703.341 
2024-02-26T22:42:36 2024-02-26T22:42:36    502.608    502.608    502.608 
2024-02-27T10:22:12 2024-02-27T10:22:12    266.052    275.125    284.197 
2024-02-28T15:31:12 2024-02-28T15:31:12      4.994      4.994      4.994 
2024-02-29T09:00:36 2024-02-29T09:00:36    265.847    265.847    265.847 
2024-03-01T14:09:36 2024-03-01T14:09:36    178.615    178.615    178.615 
2024-03-02T07:39:00 2024-03-02T07:39:00     80.984     80.984     80.984 
2024-03-03T01:08:24 2024-03-03T01:08:24    169.528    243.452    317.376 
2024-03-04T00:27:36 2024-03-04T06:17:24    235.108     420.26    605.413 
2024-03-05T11:26:24 2024-03-05T11:26:24    596.157    596.157    596.157 
2024-03-08T03:34:12 2024-03-08T09:24:00      3.975    379.903    700.808 
2024-03-09T02:53:24 2024-03-09T20:22:48     94.391     97.543    100.695 
2024-03-11T07:21:36 2024-03-11T07:21:36    188.251    188.251    188.251 
2024-03-12T00:51:00 2024-03-12T00:51:00     36.688     36.688     36.688 
2024-03-13T00:10:12 2024-03-13T06:00:00    173.414    174.231    175.048 
2024-03-16T03:57:36 2024-03-16T21:27:00     23.758     85.856    147.953 
2024-03-17T09:06:36 2024-03-17T20:46:12    367.322    422.395    477.468 
2024-03-18T08:25:48 2024-03-18T08:25:48    103.361    103.361    103.361 
2024-03-19T13:34:48 2024-03-19T13:34:48     96.232     96.232     96.232 
2024-03-20T01:14:24 2024-03-20T12:54:00      36.71    412.211    787.712 
2024-03-21T00:33:36 2024-03-21T00:33:36     27.343     27.343     27.343 

min(timestamp)      max(timestamp)      min(value) avg(value) max(value)
------------------- ------------------- ---------- ---------- ---------- 
2024-03-23T10:51:36 2024-03-23T16:41:24     56.187      363.5    642.953 
2024-03-24T16:00:36 2024-03-24T16:00:36     40.811     69.154     97.498 
2024-03-25T03:40:12 2024-03-25T21:09:36     34.233    184.447    419.732 
2024-03-26T02:59:24 2024-03-26T20:28:48    135.881    508.218    698.019 
2024-03-27T02:18:36 2024-03-27T13:58:12    458.134    466.784    475.435 
2024-03-28T19:07:12 2024-03-28T19:07:12    168.907    168.907    168.907 
2024-03-29T12:36:36 2024-03-29T12:36:36    105.185    398.691    692.197 
2024-03-30T11:55:48 2024-03-30T11:55:48    131.682    131.682    131.682 
2024-03-31T17:04:48 2024-03-31T22:54:36     30.171    171.157    312.143 
2024-04-01T22:13:48 2024-04-01T22:13:48    116.788    116.788    116.788 
2024-04-02T04:03:36 2024-04-02T21:33:00    253.109    506.749    760.389 
2024-04-05T19:30:36 2024-04-05T19:30:36     62.714     62.714     62.714 
2024-04-06T18:49:48 2024-04-06T18:49:48     697.14     697.14     697.14 
2024-04-09T22:37:12 2024-04-09T22:37:12     53.188    430.085    806.982 
2024-04-10T04:27:00 2024-04-10T16:06:36     54.805    125.881    196.957 
2024-04-11T09:36:00 2024-04-11T21:15:36      4.603     200.24    580.714 
2024-04-12T03:05:24 2024-04-12T03:05:24      66.79    362.073    657.357 
2024-04-13T19:54:00 2024-04-13T19:54:00     55.189     55.189     55.189 
2024-04-15T01:03:00 2024-04-15T06:52:48     51.022    376.381    701.739 
2024-04-16T00:22:12 2024-04-16T23:41:24    180.881    448.514    606.267 
2024-04-17T11:21:00 2024-04-17T11:21:00    222.607    222.607    222.607 
2024-04-18T16:30:00 2024-04-18T16:30:00    303.063    303.063    303.063 
2024-04-20T20:58:12 2024-04-20T20:58:12      6.559      6.559      6.559 
2024-04-21T08:37:48 2024-04-21T08:37:48      7.716      7.716      7.716 
2024-04-23T01:26:24 2024-04-23T18:55:48     31.149    170.389    414.808 

min(timestamp)      max(timestamp)      min(value) avg(value) max(value)
------------------- ------------------- ---------- ---------- ---------- 
2024-04-24T00:45:36 2024-04-24T18:15:00     28.977     79.694    149.623 
2024-04-25T23:24:00 2024-04-25T23:24:00    196.905    196.905    196.905 
2024-04-28T03:52:12 2024-04-28T21:21:36     88.695    245.383    412.741 
2024-04-29T09:01:12 2024-04-29T20:40:48       94.7     232.57    463.084 
2024-05-01T01:49:48 2024-05-01T13:29:24      42.65    359.829    712.408 
2024-05-02T01:09:00 2024-05-02T06:58:48    360.664    552.275    743.886 
2024-05-03T06:18:00 2024-05-03T23:47:24     41.938     61.775     81.611 
2024-05-04T11:27:00 2024-05-04T11:27:00    140.105    140.105    140.105 
2024-05-05T04:56:24 2024-05-05T22:25:48      0.053    401.755    812.484 
2024-05-06T21:45:00 2024-05-06T21:45:00    454.998    454.998    454.998 
2024-05-07T09:24:36 2024-05-07T09:24:36    446.841    446.841    446.841 
2024-05-08T14:33:36 2024-05-08T20:23:24     54.043    143.916     233.79 
2024-05-09T02:13:12 2024-05-09T13:52:48     232.19    307.574    382.958 
2024-05-10T19:01:48 2024-05-10T19:01:48    128.824    132.141    135.457 
2024-05-12T00:10:48 2024-05-12T11:50:24    214.891    273.913    306.953 
2024-05-13T11:09:36 2024-05-13T16:59:24    169.085    474.481     843.25 
2024-05-14T16:18:36 2024-05-14T16:18:36     29.186    107.483     263.13 
2024-05-15T03:58:12 2024-05-15T21:27:36    122.874    302.204    407.127 
2024-05-17T02:36:36 2024-05-17T20:06:00     96.253     99.229    102.205 
2024-05-18T07:45:36 2024-05-18T19:25:12     14.701      71.15    127.598 
2024-05-20T18:03:36 2024-05-20T23:53:24     25.485    283.076    540.667 
2024-05-21T05:43:12 2024-05-21T23:12:36     95.638    203.955    312.272 
2024-05-22T10:52:12 2024-05-22T16:42:00    122.138    279.024     555.03 
2024-05-23T10:11:24 2024-05-23T10:11:24      8.061      8.061      8.061 
2024-05-24T15:20:24 2024-05-24T15:20:24    110.717    362.597    614.477 

min(timestamp)      max(timestamp)      min(value) avg(value) max(value)
------------------- ------------------- ---------- ---------- ---------- 
2024-05-25T03:00:00 2024-05-25T03:00:00    653.495    653.495    653.495 
2024-05-26T13:58:48 2024-05-26T13:58:48    764.224    764.224    764.224 
2024-05-29T06:06:36 2024-05-29T17:46:12    103.423    138.364    173.305 
2024-05-30T17:05:24 2024-05-30T17:05:24    556.673    556.673    556.673 
2024-05-31T04:45:00 2024-05-31T04:45:00    102.841    102.841    102.841 
2024-06-03T02:42:36 2024-06-03T08:32:24     75.736    190.535    305.333 
2024-06-04T19:31:12 2024-06-04T19:31:12    246.697    246.697    246.697 
2024-06-05T01:21:00 2024-06-05T01:21:00      3.369    189.042    374.715 
2024-06-06T00:40:12 2024-06-06T23:59:24     35.354    513.784    810.611 
2024-06-07T11:39:00 2024-06-07T11:39:00    335.037    335.037    335.037 
2024-06-09T16:07:12 2024-06-09T21:57:00      2.086    201.228    533.368 
2024-06-10T09:36:36 2024-06-10T09:36:36     17.601     17.601     17.601 
2024-06-11T08:55:48 2024-06-11T08:55:48     685.19     685.19     685.19 
2024-06-12T08:15:00 2024-06-12T08:15:00     14.515     14.515     14.515 
2024-06-13T01:44:24 2024-06-13T01:44:24     65.011     209.45     353.89 
2024-06-15T12:02:24 2024-06-15T12:02:24    567.242    567.242    567.242 
2024-06-16T11:21:36 2024-06-16T23:01:12      93.36    266.321    439.282 
2024-06-19T09:19:12 2024-06-19T20:58:48     20.902     39.374     57.846 
2024-06-22T01:27:00 2024-06-22T18:56:24      8.648    102.453    276.711 
2024-06-23T12:25:48 2024-06-23T12:25:48    263.972    263.972    263.972 
2024-06-25T05:14:24 2024-06-25T16:54:00      98.74    168.263    237.786 
2024-06-26T10:23:24 2024-06-26T16:13:12     88.525    163.296    238.067 
2024-06-27T21:22:12 2024-06-27T21:22:12    135.921    135.921    135.921 
2024-06-28T09:01:48 2024-06-28T09:01:48     42.157    110.272    178.387 
2024-06-29T08:21:00 2024-06-29T08:21:00     22.152    195.992    369.832 

min(timestamp)      max(timestamp)      min(value) avg(value) max(value)
------------------- ------------------- ---------- ---------- ---------- 
2024-07-01T06:59:24 2024-07-01T06:59:24    311.471    402.323    493.175 
2024-07-02T17:58:12 2024-07-02T17:58:12     52.688     52.688     52.688 
2024-07-04T16:36:36 2024-07-04T16:36:36     75.628    112.802    149.976 
2024-07-05T04:16:12 2024-07-05T04:16:12    103.701    103.701    103.701 
2024-07-07T02:54:36 2024-07-07T08:44:24    379.242    536.035    692.829 
2024-07-08T08:03:36 2024-07-08T08:03:36    287.807    287.807    287.807 
2024-07-09T01:33:00 2024-07-09T19:02:24       5.49    153.099    226.967 
2024-07-10T00:52:12 2024-07-10T12:31:48     44.076    491.985    774.285 
2024-07-11T23:30:36 2024-07-11T23:30:36    331.607    331.607    331.607 
2024-07-12T17:00:00 2024-07-12T22:49:48    343.154    534.889    726.624 
2024-07-13T22:09:00 2024-07-13T22:09:00      76.47      76.47      76.47 
2024-07-17T13:36:00 2024-07-17T13:36:00    810.727    810.727    810.727 
2024-07-18T01:15:36 2024-07-18T18:45:00    119.788    271.322    569.775 
2024-07-19T12:14:24 2024-07-19T23:54:00      276.0      298.3      320.6 
2024-07-22T04:22:12 2024-07-22T04:22:12    212.712    212.712    212.712 
2024-07-24T08:50:24 2024-07-24T20:30:00     14.141    377.003    794.597 
2024-07-25T02:19:48 2024-07-25T13:59:24     79.648    152.565    261.011 
2024-07-26T01:39:00 2024-07-26T19:08:24    216.485    382.542    510.414 
2024-07-27T12:37:48 2024-07-27T18:27:36     18.818     73.799    128.779 
2024-07-28T11:57:00 2024-07-28T23:36:36    183.898      198.4    212.902 
2024-07-29T17:06:00 2024-07-29T17:06:00     40.611     40.611     40.611 
2024-07-30T16:25:12 2024-07-30T22:15:00       5.54     72.312    139.084 
2024-07-31T04:04:48 2024-07-31T21:34:12     33.981     260.63    664.563 
2024-08-02T20:12:36 2024-08-02T20:12:36      0.078      0.078      0.078 
2024-08-03T02:02:24 2024-08-03T19:31:48     91.439    293.209    494.979 

min(timestamp)      max(timestamp)      min(value) avg(value) max(value)
------------------- ------------------- ---------- ---------- ---------- 
2024-08-04T07:11:24 2024-08-04T07:11:24      1.883      1.883      1.883 
2024-08-06T00:00:00 2024-08-06T00:00:00     67.556     67.556     67.556 
2024-08-07T16:48:36 2024-08-07T16:48:36    387.457    387.457    387.457 
2024-08-08T10:18:00 2024-08-08T10:18:00    112.889    112.889    112.889 
2024-08-09T03:47:24 2024-08-09T21:16:48    223.949    243.952    263.954 
2024-08-11T08:15:36 2024-08-11T19:55:12     34.968    227.027    362.173 
2024-08-12T13:24:36 2024-08-12T19:14:24    122.219    456.203    790.188 
2024-08-13T12:43:48 2024-08-13T12:43:48    375.662    375.662    375.662 
2024-08-14T12:03:00 2024-08-14T12:03:00      16.61      16.61      16.61 
2024-08-15T11:22:12 2024-08-15T11:22:12     23.525     23.525     23.525 
2024-08-16T04:51:36 2024-08-16T16:31:12      2.907      5.261      7.616 
2024-08-17T10:00:36 2024-08-17T21:40:12      2.456    131.346    198.337 
2024-08-18T03:30:00 2024-08-18T03:30:00     61.904     61.904     61.904 
2024-08-19T02:49:12 2024-08-19T08:39:00      5.352    251.449    497.546 
2024-08-20T07:58:12 2024-08-20T07:58:12    149.706    350.012    550.318 
2024-08-21T18:57:00 2024-08-21T18:57:00    337.548    337.548    337.548 
2024-08-22T00:46:48 2024-08-22T18:16:12      19.48    237.584    395.523 
2024-08-23T00:06:00 2024-08-23T00:06:00    782.189    782.189    782.189 
2024-08-24T05:15:00 2024-08-24T22:44:24    362.671    455.203    547.736 
2024-08-26T09:43:12 2024-08-26T09:43:12      4.967      4.967      4.967 
2024-08-27T03:12:36 2024-08-27T20:42:00    169.052    306.136    551.951 
2024-08-28T20:01:12 2024-08-28T20:01:12    166.752    166.752    166.752 
2024-08-30T07:00:00 2024-08-30T07:00:00     43.274    386.929    730.584 
2024-09-02T04:57:36 2024-09-02T04:57:36    112.431    112.431    112.431 
2024-09-03T10:06:36 2024-09-03T15:56:24     98.471    288.064    423.399 

min(timestamp)      max(timestamp)      min(value) avg(value) max(value)
------------------- ------------------- ---------- ---------- ---------- 
2024-09-05T08:45:00 2024-09-05T08:45:00     646.45     646.45     646.45 
2024-09-06T08:04:12 2024-09-06T13:54:00     29.926    334.732    639.538 
2024-09-09T23:31:12 2024-09-09T23:31:12    291.648    291.648    291.648 
2024-09-11T10:30:00 2024-09-11T22:09:36     14.309    292.054    740.737 
2024-09-13T14:58:12 2024-09-13T14:58:12    546.075    546.075    546.075 
2024-09-15T01:57:00 2024-09-15T19:26:24     11.075     87.245    260.774 
2024-09-16T12:55:48 2024-09-16T12:55:48    304.007    304.007    304.007 
2024-09-17T12:15:00 2024-09-17T12:15:00    401.349    401.349    401.349 
2024-09-20T21:52:12 2024-09-20T21:52:12    379.801    379.801    379.801 
2024-09-24T07:29:24 2024-09-24T07:29:24    114.259    114.259    114.259 
2024-09-25T12:38:24 2024-09-25T12:38:24     276.49     276.49     276.49 
2024-09-26T00:18:00 2024-09-26T00:18:00      8.684      8.684      8.684 
2024-09-27T17:06:36 2024-09-27T17:06:36    255.795    257.433    259.072 
2024-09-28T10:36:00 2024-09-28T22:15:36      0.353     88.049    175.744 
2024-09-29T15:45:00 2024-09-29T15:45:00    209.497    209.497    209.497 
2024-09-30T09:14:24 2024-09-30T20:54:00    124.103    295.109    466.116 
2024-10-02T13:42:36 2024-10-02T19:32:24     95.894    237.148    378.401 
2024-10-03T01:22:12 2024-10-03T18:51:36      5.488    130.882    370.409 
2024-10-04T00:41:24 2024-10-04T18:10:48       3.03    140.261    292.179 
2024-10-05T00:00:36 2024-10-05T23:19:48     14.598    124.933    235.267 
2024-10-06T22:39:00 2024-10-06T22:39:00    252.498    366.682    480.865 
2024-10-07T16:08:24 2024-10-07T16:08:24     83.858     83.858     83.858 
2024-10-08T09:37:48 2024-10-08T09:37:48    467.744    467.744    467.744 
2024-10-09T08:57:00 2024-10-09T20:36:36     51.009    249.978    448.946 
2024-10-10T19:55:48 2024-10-10T19:55:48    242.616    242.616    242.616 

min(timestamp)      max(timestamp)      min(value) avg(value) max(value)
------------------- ------------------- ---------- ---------- ---------- 
2024-10-13T00:24:00 2024-10-13T17:53:24     59.384    127.613    195.841 
2024-10-14T11:22:48 2024-10-14T23:02:24    210.218     350.05    489.883 
2024-10-15T10:42:00 2024-10-15T10:42:00     96.146     96.146     96.146 
2024-10-16T10:01:12 2024-10-16T10:01:12    308.442    308.442    308.442 
2024-10-18T08:39:36 2024-10-18T08:39:36    150.826    150.826    150.826 
2024-10-19T07:58:48 2024-10-19T07:58:48    444.126    444.126    444.126 
2024-10-21T06:37:12 2024-10-21T06:37:12      5.528      5.528      5.528 
2024-10-22T00:06:36 2024-10-22T00:06:36    149.829    149.829    149.829 
2024-10-23T16:55:12 2024-10-23T16:55:12     15.488     15.488     15.488 
2024-10-26T03:13:12 2024-10-26T09:03:00      0.558    229.822    459.087 
2024-10-28T07:41:24 2024-10-28T13:31:12     75.598    320.579    761.189 
2024-10-29T12:50:24 2024-10-29T12:50:24    765.376    765.376    765.376 
2024-10-30T00:30:00 2024-10-30T00:30:00    239.308    239.308    239.308 
2024-10-31T11:28:48 2024-10-31T11:28:48    281.926    281.926    281.926 
2024-11-01T04:58:12 2024-11-01T22:27:36     27.707     96.112    182.368 
2024-11-02T10:07:12 2024-11-02T10:07:12     471.82     471.82     471.82 
2024-11-04T08:45:36 2024-11-04T14:35:24    111.411    292.461     473.51 
2024-11-05T19:44:24 2024-11-05T19:44:24    414.078    414.078    414.078 
2024-11-06T19:03:36 2024-11-06T19:03:36    419.145    419.145    419.145 
2024-11-08T11:52:12 2024-11-08T11:52:12     85.461     85.461     85.461 
2024-11-09T05:21:36 2024-11-09T22:51:00    122.053    355.423    562.413 
2024-11-10T04:40:48 2024-11-10T04:40:48    645.226    645.226    645.226 
2024-11-11T15:39:36 2024-11-11T15:39:36     44.819    199.484    354.148 
2024-11-12T03:19:12 2024-11-12T20:48:36     11.608    377.849    750.503 
2024-11-13T20:07:48 2024-11-13T20:07:48     103.43     103.43     103.43 

min(timestamp)      max(timestamp)      min(value) avg(value) max(value)
------------------- ------------------- ---------- ---------- ---------- 
2024-11-14T19:27:00 2024-11-14T19:27:00    248.196    248.196    248.196 
2024-11-15T01:16:48 2024-11-15T01:16:48    313.181    313.181    313.181 
2024-11-16T06:25:48 2024-11-16T18:05:24     70.423    232.988     404.54 
2024-11-17T11:34:48 2024-11-17T11:34:48      4.913      4.913      4.913 
2024-11-19T04:23:24 2024-11-19T16:03:00    239.177    487.922     938.54 
2024-11-21T08:51:36 2024-11-21T20:31:12     25.365    146.168     266.97 
2024-11-22T02:21:00 2024-11-22T02:21:00    134.573    175.738    216.903 
2024-11-23T19:09:36 2024-11-23T19:09:36    126.924    126.924    126.924 
2024-11-25T00:18:36 2024-11-25T00:18:36     562.84     562.84     562.84 
2024-11-27T22:16:12 2024-11-27T22:16:12     43.768     43.768     43.768 
2024-11-29T03:25:12 2024-11-29T09:15:00     14.808    224.226    433.645 
2024-11-30T14:24:00 2024-11-30T14:24:00    284.576    284.576    284.576 
2024-12-01T07:53:24 2024-12-01T13:43:12     68.238    312.523    556.808 
2024-12-02T13:02:24 2024-12-02T13:02:24    623.745    623.745    623.745 
2024-12-04T11:40:48 2024-12-04T11:40:48    274.001    274.001    274.001 
2024-12-05T05:10:12 2024-12-05T05:10:12    354.168    354.168    354.168 
2024-12-07T09:38:24 2024-12-07T09:38:24     88.562     88.562     88.562 
2024-12-08T08:57:36 2024-12-08T20:37:12    226.198    305.417     460.28 
2024-12-09T19:56:24 2024-12-09T19:56:24      5.442      5.442      5.442 
2024-12-12T00:24:36 2024-12-12T23:43:48     57.859    313.833    616.044 
2024-12-14T04:52:48 2024-12-14T22:22:12    339.066    503.076    720.985 
2024-12-15T04:12:00 2024-12-15T15:51:36      36.58    230.536    608.363 
2024-12-16T03:31:12 2024-12-16T15:10:48    138.022    150.149    162.277 
2024-12-17T20:19:48 2024-12-17T20:19:48    518.408    518.408    518.408 
2024-12-18T07:59:24 2024-12-18T07:59:24    380.162    408.012    435.862 

min(timestamp)      max(timestamp)      min(value) avg(value) max(value)
------------------- ------------------- ---------- ---------- ---------- 
2024-12-19T07:18:36 2024-12-19T07:18:36    465.742    465.742    465.742 
2024-12-20T00:48:00 2024-12-20T00:48:00     71.667     71.667     71.667 
2024-12-21T05:57:00 2024-12-21T23:26:24      47.35    220.653    634.233 
2024-12-23T16:15:00 2024-12-23T16:15:00    124.998    124.998    124.998 
2024-12-24T15:34:12 2024-12-24T15:34:12    257.202    257.202    257.202 
2024-12-26T20:02:24 2024-12-26T20:02:24     33.674     33.674     33.674 
2024-12-27T01:52:12 2024-12-27T01:52:12     88.903     88.903     88.903 
2024-12-28T07:01:12 2024-12-28T07:01:12    513.288    513.288    513.288 
2024-12-29T18:00:00 2024-12-29T18:00:00    139.835    498.243    856.651 
2025-01-01T10:07:48 2025-01-01T10:07:48      47.13      47.13      47.13 
2025-01-02T03:37:12 2025-01-02T09:27:00     15.225     36.044     56.862 
2025-01-04T08:05:24 2025-01-04T19:45:00     33.298     72.463    111.628 
2025-01-05T01:34:48 2025-01-05T01:34:48    111.191    111.191    111.191 
2025-01-06T00:54:00 2025-01-06T18:23:24     49.333    204.969    360.605 
2025-01-07T06:03:00 2025-01-07T23:32:24     51.535    102.922    156.222 
2025-01-08T22:51:36 2025-01-08T22:51:36    171.396    171.396    171.396 
2025-01-09T16:21:00 2025-01-09T16:21:00    160.242    181.603    202.965 
2025-01-10T15:40:12 2025-01-10T15:40:12    118.493    118.493    118.493 
2025-01-11T09:09:36 2025-01-11T20:49:12      17.71    299.921    582.131 
2025-01-12T02:39:00 2025-01-12T14:18:36     22.087     30.416     38.745 
2025-01-13T13:37:48 2025-01-13T19:27:36    116.375     144.99    173.605 
2025-01-14T01:17:24 2025-01-14T18:46:48    347.925    424.208    500.491 
2025-01-15T12:16:12 2025-01-15T18:06:00    110.559    364.654     618.75 
2025-01-16T05:45:36 2025-01-16T23:15:00     63.598    155.178    262.948 
2025-01-19T09:33:00 2025-01-19T21:12:36     27.146     49.091     71.036 

min(timestamp)      max(timestamp)      min(value) avg(value) max(value)
------------------- ------------------- ---------- ---------- ---------- 
2025-01-20T03:02:24 2025-01-20T08:52:12     72.456    375.599    678.741 
2025-01-24T06:09:00 2025-01-24T23:38:24      6.414     95.792    267.948 
2025-01-26T04:47:24 2025-01-26T22:16:48     59.162     76.523     93.884 
2025-01-27T15:46:12 2025-01-27T15:46:12       41.3       41.3       41.3 
2025-01-28T09:15:36 2025-01-28T20:55:12      8.878    252.186    652.536 
2025-01-30T02:04:12 2025-01-30T02:04:12    709.662    709.662    709.662 
2025-02-01T06:32:24 2025-02-01T18:12:00      55.73    144.971    234.212 
2025-02-02T05:51:36 2025-02-02T17:31:12    100.187    238.505    376.822 
2025-02-03T11:00:36 2025-02-03T11:00:36     40.675     40.675     40.675 
2025-02-04T21:59:24 2025-02-04T21:59:24    661.339    661.339    661.339 
2025-02-05T15:28:48 2025-02-05T15:28:48    284.689    284.689    284.689 
2025-02-08T07:36:36 2025-02-08T19:16:12      1.666    318.455    781.182 
2025-02-09T01:06:00 2025-02-09T01:06:00    191.878    191.878    191.878 
2025-02-10T12:04:48 2025-02-10T12:04:48    223.597    223.597    223.597 
2025-02-11T23:03:36 2025-02-11T23:03:36    193.033    193.033    193.033 
2025-02-12T16:33:00 2025-02-12T16:33:00    780.672    780.672    780.672 
2025-02-13T04:12:36 2025-02-13T04:12:36     29.754     64.951    100.149 
2025-02-14T03:31:48 2025-02-14T03:31:48     23.001     23.001     23.001 
2025-02-15T08:40:48 2025-02-15T20:20:24     78.934    369.153    659.372 
2025-02-16T19:39:36 2025-02-16T19:39:36    384.913    384.913    384.913 
2025-02-18T00:48:36 2025-02-18T00:48:36    124.477    124.477    124.477 
2025-02-19T00:07:48 2025-02-19T23:27:00     19.549     46.072     72.594 
2025-02-20T11:06:36 2025-02-20T11:06:36     13.678     13.678     13.678 
2025-02-22T09:45:00 2025-02-22T15:34:48    219.619     274.22    328.821 
2025-02-26T12:51:36 2025-02-26T12:51:36    236.145    236.145    236.145 

min(timestamp)      max(timestamp)      min(value) avg(value) max(value)
------------------- ------------------- ---------- ---------- ---------- 
2025-02-27T06:21:00 2025-02-27T06:21:00    107.397    107.397    107.397 
2025-03-01T16:39:00 2025-03-01T16:39:00    107.354    107.354    107.354 
2025-03-02T04:18:36 2025-03-02T10:08:24     14.288    245.261    476.233 
2025-03-03T03:37:48 2025-03-03T03:37:48    442.963    442.963    442.963 
2025-03-04T08:46:48 2025-03-04T14:36:36    244.488    527.606    810.723 
2025-03-05T02:16:12 2025-03-05T19:45:36      5.535    166.733    440.556 
2025-03-07T18:24:00 2025-03-07T18:24:00    641.865    641.865    641.865 
2025-03-09T11:12:36 2025-03-09T11:12:36     25.554     25.554     25.554 
2025-03-10T10:31:48 2025-03-10T22:11:24     22.176    387.175    752.174 
2025-03-11T04:01:12 2025-03-11T04:01:12     71.797     71.797     71.797 
2025-03-13T02:39:36 2025-03-13T20:09:00     33.494    253.494    419.614 
2025-03-14T07:48:36 2025-03-14T13:38:24     57.467     206.12    389.288 
2025-03-16T23:56:24 2025-03-16T23:56:24      4.968      4.968      4.968 
2025-03-17T11:36:00 2025-03-17T11:36:00     42.194     42.194     42.194 
2025-03-20T03:43:48 2025-03-20T15:23:24      5.879    274.945    544.011 
2025-03-21T20:32:24 2025-03-21T20:32:24    287.602    287.602    287.602 
2025-03-22T02:22:12 2025-03-22T02:22:12     49.609     49.609     49.609 
2025-03-23T01:41:24 2025-03-23T07:31:12     22.627     51.046     79.465 
2025-03-25T00:19:48 2025-03-25T00:19:48    285.257    285.257    285.257 
2025-03-26T11:18:36 2025-03-26T11:18:36     56.597     56.597     56.597 
2025-03-27T22:17:24 2025-03-27T22:17:24    222.121    222.121    222.121 
2025-03-28T15:46:48 2025-03-28T15:46:48     23.999     23.999     23.999 
2025-03-29T15:06:00 2025-03-29T15:06:00    701.693    701.693    701.693 
2025-03-30T08:35:24 2025-03-30T08:35:24    131.546    131.546    131.546 
2025-04-01T07:13:48 2025-04-01T18:53:24      3.762     42.099     80.436 

min(timestamp)      max(timestamp)      min(value) avg(value) max(value)
------------------- ------------------- ---------- ---------- ---------- 
2025-04-03T00:02:24 2025-04-03T00:02:24     529.12     529.12     529.12 
2025-04-04T22:40:48 2025-04-04T22:40:48    192.223    192.223    192.223 
2025-04-05T22:00:00 2025-04-05T22:00:00     45.497     45.497     45.497 
2025-04-06T03:49:48 2025-04-06T03:49:48    146.371    146.371    146.371 
2025-04-08T14:07:48 2025-04-08T14:07:48     96.084     96.084     96.084 
2025-04-11T00:25:48 2025-04-11T17:55:12    155.746    489.303    866.238 
2025-04-13T10:43:48 2025-04-13T10:43:48    362.774    362.774    362.774 
2025-04-14T10:03:00 2025-04-14T15:52:48     35.922    337.568    842.223 
2025-04-15T15:12:00 2025-04-15T15:12:00    150.427    422.428    694.428 
2025-04-16T14:31:12 2025-04-16T20:21:00     221.07    389.252    557.434 
2025-04-18T18:59:24 2025-04-18T18:59:24     70.241     70.241     70.241 
2025-04-19T06:39:00 2025-04-19T06:39:00     24.222     24.222     24.222 
2025-04-20T17:37:48 2025-04-20T17:37:48    318.809    495.498    672.186 
2025-04-22T04:36:36 2025-04-22T16:16:12    201.935    404.754    777.584 
2025-04-23T15:35:24 2025-04-23T15:35:24    300.615    300.615    300.615 
2025-04-24T09:04:48 2025-04-24T14:54:36     27.264     28.218     29.172 
2025-04-26T01:53:24 2025-04-26T19:22:48     86.618     145.15    253.369 
2025-04-29T23:10:12 2025-04-29T23:10:12     94.619     94.619     94.619 
2025-04-30T05:00:00 2025-04-30T05:00:00     18.441     18.441     18.441 
2025-05-01T04:19:12 2025-05-01T21:48:36    114.249    236.924    471.848 
2025-05-02T03:38:24 2025-05-02T09:28:12     49.736    106.808    145.573 
2025-05-03T20:27:00 2025-05-03T20:27:00    747.914    747.914    747.914 
2025-05-04T13:56:24 2025-05-04T13:56:24    466.847    466.847    466.847 
2025-05-05T01:36:00 2025-05-05T01:36:00     42.163     42.163     42.163 
2025-05-07T06:04:12 2025-05-07T23:33:36      2.453    161.478    402.016 

min(timestamp)      max(timestamp)      min(value) avg(value) max(value)
------------------- ------------------- ---------- ---------- ---------- 
2025-05-09T10:32:24 2025-05-09T16:22:12     24.616    102.059    179.503 
2025-05-10T04:01:48 2025-05-10T09:51:36      4.612     14.067     23.523 
2025-05-11T20:50:24 2025-05-11T20:50:24     41.904     41.904     41.904 
2025-05-12T02:40:12 2025-05-12T02:40:12    239.579    239.579    239.579 
2025-05-13T13:39:00 2025-05-13T13:39:00     99.138     99.138     99.138 
2025-05-14T07:08:24 2025-05-14T12:58:12    241.246    268.854    296.462 
2025-05-15T12:17:24 2025-05-15T18:07:12     17.248    274.585    558.768 
2025-05-16T05:46:48 2025-05-16T23:16:12    189.365    238.306    287.248 
2025-05-17T16:45:36 2025-05-17T16:45:36    113.637    113.637    113.637 
2025-05-18T16:04:48 2025-05-18T21:54:36     21.987    165.953     508.52 
2025-05-19T03:44:24 2025-05-19T09:34:12     212.08    237.754    263.427 
2025-05-20T03:03:36 2025-05-20T03:03:36     35.504     35.504     35.504 
2025-05-22T07:31:48 2025-05-22T07:31:48     40.024     40.024     40.024 
2025-05-23T01:01:12 2025-05-23T06:51:00      34.51    146.736    368.421 
2025-05-24T12:00:00 2025-05-24T12:00:00    143.161    143.161    143.161 
2025-05-26T04:48:36 2025-05-26T16:28:12     66.458    225.321    384.184 
2025-05-27T21:37:12 2025-05-27T21:37:12     37.695     37.695     37.695 
2025-05-30T19:34:48 2025-05-30T19:34:48     78.136    379.745    681.355 
2025-05-31T07:14:24 2025-05-31T18:54:00     21.965     222.35    484.662 
2025-06-02T05:52:48 2025-06-02T23:22:12    358.808    540.744     722.68 
2025-06-03T05:12:00 2025-06-03T05:12:00     11.707     11.707     11.707 
2025-06-04T22:00:36 2025-06-04T22:00:36    111.791    111.791    111.791 
2025-06-05T21:19:48 2025-06-05T21:19:48    163.719    163.719    163.719 
2025-06-06T03:09:36 2025-06-06T03:09:36    652.497    652.497    652.497 
2025-06-07T02:28:48 2025-06-07T19:58:12     78.066    153.981    229.895 

min(timestamp)      max(timestamp)      min(value) avg(value) max(value)
------------------- ------------------- ---------- ---------- ---------- 
2025-06-11T17:15:00 2025-06-11T17:15:00      46.64      46.64      46.64 
2025-06-12T04:54:36 2025-06-12T16:34:12    169.106     172.35    175.594 
2025-06-13T10:03:36 2025-06-13T15:53:24     38.401    116.933    212.313 
2025-06-14T03:33:00 2025-06-14T21:02:24    158.878    311.796    414.467 
2025-06-15T08:42:00 2025-06-15T08:42:00    226.899    226.899    226.899 
2025-06-16T08:01:12 2025-06-16T08:01:12     13.455     38.249     63.043 
2025-06-17T01:30:36 2025-06-17T07:20:24     304.09    476.334    648.579 
2025-06-19T23:28:12 2025-06-19T23:28:12    243.367    243.367    243.367 
2025-06-20T05:18:00 2025-06-20T05:18:00     24.617     24.617     24.617 
2025-06-21T16:16:48 2025-06-21T16:16:48    674.745    674.745    674.745 
2025-06-22T03:56:24 2025-06-22T21:25:48     10.077    286.228    520.455 
2025-06-23T09:05:24 2025-06-23T09:05:24    188.998    188.998    188.998 
2025-06-24T14:14:24 2025-06-24T14:14:24     15.277     15.277     15.277 
2025-06-25T13:33:36 2025-06-25T13:33:36    392.048    413.595    435.142 
2025-06-26T01:13:12 2025-06-26T01:13:12     80.845    102.428    124.011 
2025-06-27T12:12:00 2025-06-27T12:12:00    476.911    476.911    476.911 
2025-06-29T10:50:24 2025-06-29T16:40:12    216.717    248.355    279.993 
2025-06-30T04:19:48 2025-06-30T21:49:12     13.702     77.537    141.371 
2025-07-01T21:08:24 2025-07-01T21:08:24     23.352     89.149    154.946 
2025-07-04T01:36:36 2025-07-04T01:36:36      2.201      2.201      2.201 
2025-07-05T18:25:12 2025-07-05T18:25:12    513.263    513.263    513.263 
2025-07-06T00:15:00 2025-07-06T23:34:12    311.986    320.086    328.185 
2025-07-07T05:24:00 2025-07-07T05:24:00      2.154      2.154      2.154 
2025-07-08T04:43:12 2025-07-08T04:43:12    612.397    612.397    612.397 
2025-07-09T09:52:12 2025-07-09T21:31:48    540.184    585.439    630.694 

min(timestamp)      max(timestamp)      min(value) avg(value) max(value)
------------------- ------------------- ---------- ---------- ---------- 
2025-07-10T09:11:24 2025-07-10T09:11:24     23.844     23.844     23.844 
2025-07-11T14:20:24 2025-07-11T14:20:24     61.495     61.495     61.495 
2025-07-12T07:49:48 2025-07-12T07:49:48    338.864    338.864    338.864 
2025-07-13T01:19:12 2025-07-13T18:48:36     33.605    333.082    758.567 
2025-07-16T05:06:36 2025-07-16T16:46:12    149.731    304.855    459.978 
2025-07-17T04:25:48 2025-07-17T21:55:12     66.419    111.243    156.066 
2025-07-18T03:45:00 2025-07-18T09:34:48      6.392    158.084    309.776 
2025-07-19T08:54:00 2025-07-19T14:43:48    165.578    436.536    707.494 
2025-07-20T14:03:00 2025-07-20T19:52:48    271.386    311.729    352.072 
2025-07-21T19:12:00 2025-07-21T19:12:00     56.379     56.379     56.379 
2025-07-22T12:41:24 2025-07-22T18:31:12     27.586    136.903    246.219 
2025-07-23T06:10:48 2025-07-23T06:10:48    630.385    630.385    630.385 
2025-07-24T11:19:48 2025-07-24T22:59:24    177.826    225.957    274.089 
2025-07-26T21:37:48 2025-07-26T21:37:48     10.999     10.999     10.999 
2025-07-27T09:17:24 2025-07-27T09:17:24     56.271     56.271     56.271 
2025-07-28T08:36:36 2025-07-28T14:26:24     43.098     70.844     98.591 
2025-07-29T19:35:24 2025-07-29T19:35:24    356.289    356.289    356.289 
2025-07-30T18:54:36 2025-07-30T18:54:36      34.75      34.75      34.75 
2025-08-01T23:22:48 2025-08-01T23:22:48    127.722    179.447    231.173 
2025-08-02T16:52:12 2025-08-02T16:52:12    625.126    625.126    625.126 
2025-08-03T04:31:48 2025-08-03T22:01:12    175.723    361.453    502.093 
2025-08-05T20:39:36 2025-08-05T20:39:36     71.493    217.151     362.81 
2025-08-06T02:29:24 2025-08-06T19:58:48     541.26    568.676    596.092 
2025-08-09T06:16:48 2025-08-09T06:16:48    177.718    177.718    177.718 
2025-08-10T17:15:36 2025-08-10T17:15:36    209.832    209.832    209.832 

min(timestamp)      max(timestamp)      min(value) avg(value) max(value)
------------------- ------------------- ---------- ---------- ---------- 
2025-08-11T10:45:00 2025-08-11T22:24:36     18.186    226.943    404.789 
2025-08-13T09:23:24 2025-08-13T09:23:24     77.798     77.798     77.798 
2025-08-15T02:12:00 2025-08-15T02:12:00     459.18     459.18     459.18 
2025-08-16T01:31:12 2025-08-16T07:21:00     14.013    220.199    417.295 
2025-08-18T00:09:36 2025-08-18T11:49:12     80.912    228.933    653.376 
2025-08-22T14:55:48 2025-08-22T20:45:36     88.858    278.834     468.81 
2025-08-23T08:25:12 2025-08-23T08:25:12    547.418    547.418    547.418 
2025-08-24T01:54:36 2025-08-24T13:34:12     15.904    223.347    556.891 
2025-08-25T07:03:36 2025-08-25T12:53:24     29.611    194.885    360.159 
2025-08-26T06:22:48 2025-08-26T23:52:12     64.963    127.027    189.091 
2025-08-28T10:51:00 2025-08-28T16:40:48    338.791    403.471    468.152 
2025-08-29T04:20:24 2025-08-29T10:10:12     33.667     40.489      47.31 
2025-08-30T21:09:00 2025-08-30T21:09:00    235.385    235.385    235.385 
2025-08-31T08:48:36 2025-08-31T20:28:12     36.864    160.831    292.381 
2025-09-02T07:27:00 2025-09-02T07:27:00     638.48     638.48     638.48 
2025-09-03T00:56:24 2025-09-03T12:36:00      5.158      152.1    299.042 
2025-09-04T17:45:00 2025-09-04T17:45:00     24.595      52.59     80.586 
2025-09-05T22:54:00 2025-09-05T22:54:00     472.81     472.81     472.81 
2025-09-06T16:23:24 2025-09-06T16:23:24    741.531    741.531    741.531 
2025-09-07T09:52:48 2025-09-07T09:52:48      4.106    471.808     939.51 
2025-09-08T15:01:48 2025-09-08T15:01:48     24.674     24.674     24.674 
2025-09-09T02:41:24 2025-09-09T08:31:12    174.794    282.421    390.049 
2025-09-10T07:50:24 2025-09-10T07:50:24     54.219      149.4     244.58 
2025-09-11T18:49:12 2025-09-11T18:49:12     33.614     33.614     33.614 
2025-09-12T12:18:36 2025-09-12T12:18:36    318.321    318.321    318.321 

min(timestamp)      max(timestamp)      min(value) avg(value) max(value)
------------------- ------------------- ---------- ---------- ---------- 
2025-09-13T17:27:36 2025-09-13T17:27:36    559.549    559.549    559.549 
2025-09-14T16:46:48 2025-09-14T16:46:48     17.198    135.573    253.948 
2025-09-15T04:26:24 2025-09-15T16:06:00    765.663     832.56    899.457 
2025-09-17T03:04:48 2025-09-17T20:34:12      9.216    127.291    278.056 
2025-09-18T02:24:00 2025-09-18T19:53:24     22.749     239.19     455.63 
2025-09-19T13:22:48 2025-09-19T13:22:48     92.812     92.812     92.812 
2025-09-20T06:52:12 2025-09-20T12:42:00     252.53    320.419    388.308 
2025-09-21T06:11:24 2025-09-21T17:51:00     29.833       72.3    114.768 
2025-09-23T04:49:48 2025-09-23T16:29:24    119.733    471.155    709.705 
2025-09-24T15:48:36 2025-09-24T15:48:36    263.594    263.594    263.594 
2025-09-25T15:07:48 2025-09-25T15:07:48    460.421    460.421    460.421 
2025-09-26T02:47:24 2025-09-26T20:16:48      72.83    244.632    511.304 
2025-09-30T00:04:12 2025-09-30T00:04:12     36.478    209.135    381.792 
2025-10-01T11:03:00 2025-10-01T11:03:00    359.972    359.972    359.972 
2025-10-02T04:32:24 2025-10-02T04:32:24    488.353    488.353    488.353 
2025-10-03T15:31:12 2025-10-03T15:31:12    151.715    151.715    151.715 
2025-10-04T09:00:36 2025-10-04T09:00:36    222.703    222.703    222.703 
2025-10-05T02:30:00 2025-10-05T19:59:24     10.334    213.679    437.246 
2025-10-07T12:48:00 2025-10-07T18:37:48     36.615     60.789     84.963 
2025-10-08T17:57:00 2025-10-08T23:46:48     73.805    184.346    294.888 
2025-10-09T11:26:24 2025-10-09T17:16:12    423.688     575.83    727.972 
2025-10-11T21:44:24 2025-10-11T21:44:24      8.574      8.574      8.574 
2025-10-12T15:13:48 2025-10-12T21:03:36     68.547     109.82    151.094 
2025-10-13T02:53:24 2025-10-13T02:53:24    452.171    452.171    452.171 
2025-10-14T08:02:24 2025-10-14T19:42:00     33.558    226.044    399.512 

min(timestamp)      max(timestamp)      min(value) avg(value) max(value)
------------------- ------------------- ---------- ---------- ---------- 
2025-10-15T07:21:36 2025-10-15T19:01:12    219.441    364.697    493.177 
2025-10-16T00:51:00 2025-10-16T00:51:00     18.565     18.565     18.565 
2025-10-18T05:19:12 2025-10-18T05:19:12    518.638    518.638    518.638 
2025-10-21T03:16:48 2025-10-21T14:56:24    169.589    336.457    503.326 
2025-10-22T08:25:48 2025-10-22T20:05:24    339.435    557.106    697.682 
2025-10-24T01:14:24 2025-10-24T12:54:00     78.766    199.287     359.12 
2025-10-25T06:23:24 2025-10-25T23:52:48     38.272    192.279    360.328 
2025-10-26T11:32:24 2025-10-26T11:32:24    100.995    201.181    301.368 
2025-10-28T04:21:00 2025-10-28T04:21:00     83.361     83.361     83.361 
2025-10-29T03:40:12 2025-10-29T03:40:12    375.038    375.038    375.038 
2025-10-30T08:49:12 2025-10-30T08:49:12     38.145     38.145     38.145 
2025-10-31T19:48:00 2025-10-31T19:48:00      80.73      80.73      80.73 
2025-11-01T19:07:12 2025-11-01T19:07:12    164.383    164.383    164.383 
2025-11-02T00:57:00 2025-11-02T18:26:24     66.712     70.265     73.818 
2025-11-03T06:06:00 2025-11-03T23:35:24     67.419    170.203    272.988 
2025-11-04T17:04:48 2025-11-04T17:04:48      47.26      47.26      47.26 
2025-11-05T04:44:24 2025-11-05T22:13:48     35.203    214.067    437.383 
2025-11-07T03:22:48 2025-11-07T03:22:48    563.358    563.358    563.358 
2025-11-09T07:51:00 2025-11-09T07:51:00     44.107     44.107     44.107 
2025-11-11T12:19:12 2025-11-11T23:58:48     39.399    121.362    203.324 
2025-11-12T17:28:12 2025-11-12T17:28:12     16.691     16.691     16.691 
2025-11-13T22:37:12 2025-11-13T22:37:12    268.759     381.34    493.921 
2025-11-14T04:27:00 2025-11-14T04:27:00    501.526    501.526    501.526 
2025-11-15T15:25:48 2025-11-15T15:25:48      9.429      9.429      9.429 
2025-11-17T02:24:36 2025-11-17T02:24:36    826.596    826.596    826.596 

min(timestamp)      max(timestamp)      min(value) avg(value) max(value)
------------------- ------------------- ---------- ---------- ---------- 
2025-11-18T01:43:48 2025-11-18T13:23:24    137.384    199.698    262.013 
2025-11-20T06:12:00 2025-11-20T23:41:24     28.604    208.963    388.166 
2025-11-21T05:31:12 2025-11-21T17:10:48    129.877    156.122    182.367 
2025-11-22T04:50:24 2025-11-22T04:50:24    218.035    218.035    218.035 
2025-11-23T15:49:12 2025-11-23T15:49:12     81.109     81.109     81.109 
2025-11-24T03:28:48 2025-11-24T15:08:24     14.473    209.082    403.691 
2025-11-25T08:37:48 2025-11-25T08:37:48    148.629    148.629    148.629 
2025-11-27T13:06:00 2025-11-27T13:06:00    464.025    464.025    464.025 
2025-11-29T05:54:36 2025-11-29T23:24:00     34.376    233.309    335.408 
2025-12-02T09:42:00 2025-12-02T09:42:00     74.185     74.185     74.185 
2025-12-03T03:11:24 2025-12-03T14:51:00     52.654      325.4    815.853 
2025-12-05T19:19:12 2025-12-05T19:19:12     41.741    420.337    798.934 
2025-12-06T18:38:24 2025-12-06T18:38:24    330.706    461.707    592.708 
2025-12-07T12:07:48 2025-12-07T17:57:36      4.852    173.448    342.044 
2025-12-08T11:27:00 2025-12-08T23:06:36      53.62     164.68    275.741 
2025-12-09T04:56:24 2025-12-09T04:56:24     24.801     24.801     24.801 
2025-12-10T10:05:24 2025-12-10T21:45:00    428.394    633.962    809.715 
2025-12-11T03:34:48 2025-12-11T15:14:24      3.645    352.429    701.213 
2025-12-12T02:54:00 2025-12-12T08:43:48     62.034    134.783    207.532 
2025-12-13T13:52:48 2025-12-13T13:52:48    325.636    325.636    325.636 
2025-12-15T00:51:36 2025-12-15T00:51:36    613.441    613.441    613.441 
2025-12-16T11:50:24 2025-12-16T17:40:12     73.714    218.975    426.612 
2025-12-17T11:09:36 2025-12-17T11:09:36     66.723     66.723     66.723 
2025-12-18T04:39:00 2025-12-18T04:39:00       3.16       3.16       3.16 
2025-12-19T09:48:00 2025-12-19T09:48:00     90.475     90.475     90.475 

min(timestamp)      max(timestamp)      min(value) avg(value) max(value)
------------------- ------------------- ---------- ---------- ---------- 
2025-12-20T09:07:12 2025-12-20T20:46:48      56.17    234.392    546.963 
2025-12-21T02:36:36 2025-12-21T14:16:12     16.946     28.543      40.14 
2025-12-22T07:45:36 2025-12-22T13:35:24    182.327    399.295    665.095 
2025-12-23T01:15:00 2025-12-23T18:44:24      8.523     38.783     76.401 
2025-12-24T23:53:24 2025-12-24T23:53:24    511.637    511.637    511.637 
2025-12-25T11:33:00 2025-12-25T23:12:36     19.307    248.928    478.548 
2025-12-26T16:42:00 2025-12-26T22:31:48     21.257     79.178    137.098 
2025-12-27T10:11:24 2025-12-27T16:01:12    384.212     443.88    503.547 
2025-12-28T03:40:48 2025-12-28T09:30:36      0.711    129.014    334.825 
2025-12-29T08:49:48 2025-12-29T08:49:48     21.832     21.832     21.832 
2025-12-30T13:58:48 2025-12-30T13:58:48     34.228     68.986    103.744 
2025-12-31T13:18:00 2025-12-31T23:59:59    136.819      203.2    293.937 
